<?xml version="1.0" encoding="UTF-8"?>
<!-- Generated by org.testng.reporters.JUnitXMLReporter -->
<testsuite ignored="4" hostname="cucumber" failures="0" tests="1" name="Default test" time="10.745" errors="0" timestamp="2024-02-21T17:24:59 EST">
  <testcase classname="com.SeleniumAutomationFrameWork.SalesforceLogin" name="LoginErrorMessage1" time="5.04"/>
  <testcase classname="com.SeleniumAutomationFrameWork.SalesforceLogin" name="ForgotPassword4A" time="0.0">
    <ignored/>
  </testcase> <!-- ForgotPassword4A -->
  <testcase classname="com.SeleniumAutomationFrameWork.SalesforceLogin" name="ForgotPassword4B" time="0.0">
    <ignored/>
  </testcase> <!-- ForgotPassword4B -->
  <testcase classname="com.SeleniumAutomationFrameWork.SalesforceLogin" name="CheckRemeberMe3" time="0.0">
    <ignored/>
  </testcase> <!-- CheckRemeberMe3 -->
  <testcase classname="com.SeleniumAutomationFrameWork.SalesforceLogin" name="LoginToSalesForce2" time="0.0">
    <ignored/>
  </testcase> <!-- LoginToSalesForce2 -->
</testsuite> <!-- Default test -->
